1520975069588	geckodriver	INFO	geckodriver 0.20.0
1520975069690	geckodriver	INFO	Listening on 127.0.0.1:64505
1520975070620	mozrunner::runner	INFO	Running command: "/Applications/Firefox.app/Contents/MacOS/firefox-bin" "-marionette" "-profile" "/var/folders/41/ctn05_v97f3667c3rp3vb3fh0000gn/T/rust_mozprofile.D2VlaYAPK7yn"
1520975071410	addons.xpi	WARN	Error parsing extensions state: [Exception... "Component returned failure code: 0x80520012 (NS_ERROR_FILE_NOT_FOUND) [amIAddonManagerStartup.readStartupData]"  nsresult: "0x80520012 (NS_ERROR_FILE_NOT_FOUND)"  location: "JS frame :: resource://gre/modules/addons/XPIProvider.jsm :: loadExtensionState :: line 1554"  data: no] Stack trace: loadExtensionState()@resource://gre/modules/addons/XPIProvider.jsm:1554 < getInstallState()@resource://gre/modules/addons/XPIProvider.jsm:1589 < checkForChanges()@resource://gre/modules/addons/XPIProvider.jsm:3109 < startup()@resource://gre/modules/addons/XPIProvider.jsm:2188 < callProvider()@resource://gre/modules/AddonManager.jsm:269 < _startProvider()@resource://gre/modules/AddonManager.jsm:739 < startup()@resource://gre/modules/AddonManager.jsm:906 < startup()@resource://gre/modules/AddonManager.jsm:3090 < observe()@jar:file:///Applications/Firefox.app/Contents/Resources/omni.ja!/components/addonManager.js:65
1520975072123	Marionette	INFO	Enabled via --marionette
2018-03-13 16:04:33.749 plugin-container[41554:2657198] *** CFMessagePort: bootstrap_register(): failed 1100 (0x44c) 'Permission denied', port = 0x7e3b, name = 'com.apple.tsm.portname'
See /usr/include/servers/bootstrap_defs.h for the error codes.
1520975074932	Marionette	INFO	Listening on port 64517
1520975075042	Marionette	WARN	TLS certificate errors will be ignored for this session
1520975075102	Marionette	DEBUG	Register listener.js for window 2147483649
1520975075137	Marionette	DEBUG	Received DOM event "beforeunload" for "about:blank"
1520975075262	Marionette	DEBUG	Received DOM event "pagehide" for "about:blank"
1520975075263	Marionette	DEBUG	Received DOM event "unload" for "about:blank"
1520975075273	Marionette	DEBUG	Received DOM event "DOMContentLoaded" for "http://localhost:64504/"
1520975075491	Marionette	DEBUG	Received DOM event "pageshow" for "http://localhost:64504/"
1520975075621	Marionette	INFO	New connections will no longer be accepted
1520975075781	addons.productaddons	WARN	Failed downloading via XHR, status: 0, reason: error
1520975075788	addons.productaddons	WARN	Failed downloading via XHR, status: 0, reason: error
console.error: 
  Message: Error: Connection closed before committing the transaction.
  Stack:
    executeTransaction/promise</transactionPromise<@resource://gre/modules/Sqlite.jsm:622:19
observe@resource://gre/modules/AsyncShutdown.jsm:534:9

*** UTM:SVC TimerManager:registerTimer called after profile-before-change notification. Ignoring timer registration for id: telemetry_modules_ping
1520975076496	geckodriver::marionette	ERROR	Failed to stop browser process
1520976228567	geckodriver	INFO	geckodriver 0.20.0
1520976228730	geckodriver	INFO	Listening on 127.0.0.1:64896
1520976229565	mozrunner::runner	INFO	Running command: "/Applications/Firefox.app/Contents/MacOS/firefox-bin" "-marionette" "-profile" "/var/folders/41/ctn05_v97f3667c3rp3vb3fh0000gn/T/rust_mozprofile.oQ8D3vcYOnoB"
1520976230224	addons.xpi	WARN	Error parsing extensions state: [Exception... "Component returned failure code: 0x80520012 (NS_ERROR_FILE_NOT_FOUND) [amIAddonManagerStartup.readStartupData]"  nsresult: "0x80520012 (NS_ERROR_FILE_NOT_FOUND)"  location: "JS frame :: resource://gre/modules/addons/XPIProvider.jsm :: loadExtensionState :: line 1554"  data: no] Stack trace: loadExtensionState()@resource://gre/modules/addons/XPIProvider.jsm:1554 < getInstallState()@resource://gre/modules/addons/XPIProvider.jsm:1589 < checkForChanges()@resource://gre/modules/addons/XPIProvider.jsm:3109 < startup()@resource://gre/modules/addons/XPIProvider.jsm:2188 < callProvider()@resource://gre/modules/AddonManager.jsm:269 < _startProvider()@resource://gre/modules/AddonManager.jsm:739 < startup()@resource://gre/modules/AddonManager.jsm:906 < startup()@resource://gre/modules/AddonManager.jsm:3090 < observe()@jar:file:///Applications/Firefox.app/Contents/Resources/omni.ja!/components/addonManager.js:65
1520976230779	Marionette	INFO	Enabled via --marionette
2018-03-13 16:23:52.393 plugin-container[41826:2670504] *** CFMessagePort: bootstrap_register(): failed 1100 (0x44c) 'Permission denied', port = 0x833b, name = 'com.apple.tsm.portname'
See /usr/include/servers/bootstrap_defs.h for the error codes.
1520976233569	Marionette	INFO	Listening on port 64907
1520976233654	Marionette	WARN	TLS certificate errors will be ignored for this session
1520976233737	Marionette	DEBUG	Register listener.js for window 2147483649
1520976233818	Marionette	DEBUG	Received DOM event "beforeunload" for "about:blank"
1520976233903	Marionette	DEBUG	Received DOM event "pagehide" for "about:blank"
1520976233904	Marionette	DEBUG	Received DOM event "unload" for "about:blank"
1520976233912	Marionette	DEBUG	Received DOM event "DOMContentLoaded" for "http://localhost:64895/"
1520976234101	Marionette	DEBUG	Received DOM event "pageshow" for "http://localhost:64895/"
1520976234414	Marionette	DEBUG	Received DOM event "beforeunload" for "http://localhost:64895/"
1520976234479	Marionette	DEBUG	Received DOM event "pagehide" for "http://localhost:64895/"
1520976234480	Marionette	DEBUG	Received DOM event "unload" for "http://localhost:64895/"
1520976234486	Marionette	DEBUG	Received DOM event "DOMContentLoaded" for "http://localhost:64895/"
1520976234512	Marionette	DEBUG	Received DOM event "pageshow" for "http://localhost:64895/"
1520976237543	Marionette	INFO	New connections will no longer be accepted
*** UTM:SVC TimerManager:registerTimer called after profile-before-change notification. Ignoring timer registration for id: telemetry_modules_ping
1520976238382	geckodriver::marionette	ERROR	Failed to stop browser process
1520976238554	geckodriver	INFO	geckodriver 0.20.0
1520976238693	geckodriver	INFO	Listening on 127.0.0.1:65021
1520976239577	mozrunner::runner	INFO	Running command: "/Applications/Firefox.app/Contents/MacOS/firefox-bin" "-marionette" "-profile" "/var/folders/41/ctn05_v97f3667c3rp3vb3fh0000gn/T/rust_mozprofile.3MfbBP1SnriB"
1520976240289	addons.xpi	WARN	Error parsing extensions state: [Exception... "Component returned failure code: 0x80520012 (NS_ERROR_FILE_NOT_FOUND) [amIAddonManagerStartup.readStartupData]"  nsresult: "0x80520012 (NS_ERROR_FILE_NOT_FOUND)"  location: "JS frame :: resource://gre/modules/addons/XPIProvider.jsm :: loadExtensionState :: line 1554"  data: no] Stack trace: loadExtensionState()@resource://gre/modules/addons/XPIProvider.jsm:1554 < getInstallState()@resource://gre/modules/addons/XPIProvider.jsm:1589 < checkForChanges()@resource://gre/modules/addons/XPIProvider.jsm:3109 < startup()@resource://gre/modules/addons/XPIProvider.jsm:2188 < callProvider()@resource://gre/modules/AddonManager.jsm:269 < _startProvider()@resource://gre/modules/AddonManager.jsm:739 < startup()@resource://gre/modules/AddonManager.jsm:906 < startup()@resource://gre/modules/AddonManager.jsm:3090 < observe()@jar:file:///Applications/Firefox.app/Contents/Resources/omni.ja!/components/addonManager.js:65
1520976240809	Marionette	INFO	Enabled via --marionette
2018-03-13 16:24:02.444 plugin-container[41829:2670734] *** CFMessagePort: bootstrap_register(): failed 1100 (0x44c) 'Permission denied', port = 0x843b, name = 'com.apple.tsm.portname'
See /usr/include/servers/bootstrap_defs.h for the error codes.
1520976242968	Marionette	INFO	Listening on port 65032
1520976243069	Marionette	WARN	TLS certificate errors will be ignored for this session
1520976243127	Marionette	DEBUG	Register listener.js for window 2147483649
1520976243158	Marionette	DEBUG	Received DOM event "beforeunload" for "about:blank"
1520976243183	Marionette	DEBUG	Received DOM event "pagehide" for "about:blank"
1520976243183	Marionette	DEBUG	Received DOM event "unload" for "about:blank"
1520976243192	Marionette	DEBUG	Received DOM event "DOMContentLoaded" for "http://localhost:65020/"
1520976243349	Marionette	DEBUG	Received DOM event "pageshow" for "http://localhost:65020/"
1520976243495	Marionette	INFO	New connections will no longer be accepted
1520976243635	addons.productaddons	WARN	Failed downloading via XHR, status: 0, reason: error
1520976243643	addons.productaddons	WARN	Failed downloading via XHR, status: 0, reason: error
*** UTM:SVC TimerManager:registerTimer called after profile-before-change notification. Ignoring timer registration for id: telemetry_modules_ping
1520976244258	geckodriver::marionette	ERROR	Failed to stop browser process
1520976307158	geckodriver	INFO	geckodriver 0.20.0
1520976307257	geckodriver	INFO	Listening on 127.0.0.1:65130
1520976308186	mozrunner::runner	INFO	Running command: "/Applications/Firefox.app/Contents/MacOS/firefox-bin" "-marionette" "-profile" "/var/folders/41/ctn05_v97f3667c3rp3vb3fh0000gn/T/rust_mozprofile.BoScTVfT7jIJ"
1520976308714	addons.xpi	WARN	Error parsing extensions state: [Exception... "Component returned failure code: 0x80520012 (NS_ERROR_FILE_NOT_FOUND) [amIAddonManagerStartup.readStartupData]"  nsresult: "0x80520012 (NS_ERROR_FILE_NOT_FOUND)"  location: "JS frame :: resource://gre/modules/addons/XPIProvider.jsm :: loadExtensionState :: line 1554"  data: no] Stack trace: loadExtensionState()@resource://gre/modules/addons/XPIProvider.jsm:1554 < getInstallState()@resource://gre/modules/addons/XPIProvider.jsm:1589 < checkForChanges()@resource://gre/modules/addons/XPIProvider.jsm:3109 < startup()@resource://gre/modules/addons/XPIProvider.jsm:2188 < callProvider()@resource://gre/modules/AddonManager.jsm:269 < _startProvider()@resource://gre/modules/AddonManager.jsm:739 < startup()@resource://gre/modules/AddonManager.jsm:906 < startup()@resource://gre/modules/AddonManager.jsm:3090 < observe()@jar:file:///Applications/Firefox.app/Contents/Resources/omni.ja!/components/addonManager.js:65
1520976309313	Marionette	INFO	Enabled via --marionette
2018-03-13 16:25:10.787 plugin-container[41836:2671341] *** CFMessagePort: bootstrap_register(): failed 1100 (0x44c) 'Permission denied', port = 0x8a37, name = 'com.apple.tsm.portname'
See /usr/include/servers/bootstrap_defs.h for the error codes.
1520976311393	Marionette	INFO	Listening on port 65141
1520976311441	Marionette	WARN	TLS certificate errors will be ignored for this session
1520976311502	Marionette	DEBUG	Register listener.js for window 2147483649
1520976311559	Marionette	DEBUG	Received DOM event "beforeunload" for "about:blank"
1520976311641	Marionette	DEBUG	Received DOM event "pagehide" for "about:blank"
1520976311642	Marionette	DEBUG	Received DOM event "unload" for "about:blank"
1520976311650	Marionette	DEBUG	Received DOM event "DOMContentLoaded" for "http://localhost:65129/"
1520976311826	Marionette	DEBUG	Received DOM event "pageshow" for "http://localhost:65129/"
1520976312152	Marionette	DEBUG	Received DOM event "beforeunload" for "http://localhost:65129/"
1520976312203	Marionette	DEBUG	Received DOM event "pagehide" for "http://localhost:65129/"
1520976312204	Marionette	DEBUG	Received DOM event "unload" for "http://localhost:65129/"
1520976312210	Marionette	DEBUG	Received DOM event "DOMContentLoaded" for "http://localhost:65129/"
1520976312239	Marionette	DEBUG	Received DOM event "pageshow" for "http://localhost:65129/"
1520976315265	Marionette	INFO	New connections will no longer be accepted
*** UTM:SVC TimerManager:registerTimer called after profile-before-change notification. Ignoring timer registration for id: telemetry_modules_ping
1520976315970	geckodriver::marionette	ERROR	Failed to stop browser process
1520976316266	geckodriver	INFO	geckodriver 0.20.0
1520976316364	geckodriver	INFO	Listening on 127.0.0.1:65241
1520976317297	mozrunner::runner	INFO	Running command: "/Applications/Firefox.app/Contents/MacOS/firefox-bin" "-marionette" "-profile" "/var/folders/41/ctn05_v97f3667c3rp3vb3fh0000gn/T/rust_mozprofile.07fS6LfSLeMe"
1520976317614	addons.xpi	WARN	Error parsing extensions state: [Exception... "Component returned failure code: 0x80520012 (NS_ERROR_FILE_NOT_FOUND) [amIAddonManagerStartup.readStartupData]"  nsresult: "0x80520012 (NS_ERROR_FILE_NOT_FOUND)"  location: "JS frame :: resource://gre/modules/addons/XPIProvider.jsm :: loadExtensionState :: line 1554"  data: no] Stack trace: loadExtensionState()@resource://gre/modules/addons/XPIProvider.jsm:1554 < getInstallState()@resource://gre/modules/addons/XPIProvider.jsm:1589 < checkForChanges()@resource://gre/modules/addons/XPIProvider.jsm:3109 < startup()@resource://gre/modules/addons/XPIProvider.jsm:2188 < callProvider()@resource://gre/modules/AddonManager.jsm:269 < _startProvider()@resource://gre/modules/AddonManager.jsm:739 < startup()@resource://gre/modules/AddonManager.jsm:906 < startup()@resource://gre/modules/AddonManager.jsm:3090 < observe()@jar:file:///Applications/Firefox.app/Contents/Resources/omni.ja!/components/addonManager.js:65
1520976318077	Marionette	INFO	Enabled via --marionette
2018-03-13 16:25:19.327 plugin-container[41839:2671539] *** CFMessagePort: bootstrap_register(): failed 1100 (0x44c) 'Permission denied', port = 0x7b37, name = 'com.apple.tsm.portname'
See /usr/include/servers/bootstrap_defs.h for the error codes.
1520976319917	Marionette	INFO	Listening on port 65252
1520976320029	Marionette	WARN	TLS certificate errors will be ignored for this session
1520976320082	Marionette	DEBUG	Register listener.js for window 2147483649
1520976320119	Marionette	DEBUG	Received DOM event "beforeunload" for "about:blank"
1520976320156	Marionette	DEBUG	Received DOM event "pagehide" for "about:blank"
1520976320156	Marionette	DEBUG	Received DOM event "unload" for "about:blank"
1520976320166	Marionette	DEBUG	Received DOM event "DOMContentLoaded" for "http://localhost:65240/"
1520976320353	Marionette	DEBUG	Received DOM event "pageshow" for "http://localhost:65240/"
1520976320448	Marionette	INFO	New connections will no longer be accepted
1520976320580	addons.productaddons	WARN	Failed downloading via XHR, status: 0, reason: error
1520976320587	addons.productaddons	WARN	Failed downloading via XHR, status: 0, reason: error
console.error: 
  Message: Error: Connection closed before committing the transaction.
  Stack:
    executeTransaction/promise</transactionPromise<@resource://gre/modules/Sqlite.jsm:622:19
observe@resource://gre/modules/AsyncShutdown.jsm:534:9

*** UTM:SVC TimerManager:registerTimer called after profile-before-change notification. Ignoring timer registration for id: telemetry_modules_ping
1520976321091	geckodriver::marionette	ERROR	Failed to stop browser process
1520976356845	geckodriver	INFO	geckodriver 0.20.0
1520976356946	geckodriver	INFO	Listening on 127.0.0.1:65330
1520976357874	mozrunner::runner	INFO	Running command: "/Applications/Firefox.app/Contents/MacOS/firefox-bin" "-marionette" "-profile" "/var/folders/41/ctn05_v97f3667c3rp3vb3fh0000gn/T/rust_mozprofile.0S9bz9M3I29l"
1520976358384	addons.xpi	WARN	Error parsing extensions state: [Exception... "Component returned failure code: 0x80520012 (NS_ERROR_FILE_NOT_FOUND) [amIAddonManagerStartup.readStartupData]"  nsresult: "0x80520012 (NS_ERROR_FILE_NOT_FOUND)"  location: "JS frame :: resource://gre/modules/addons/XPIProvider.jsm :: loadExtensionState :: line 1554"  data: no] Stack trace: loadExtensionState()@resource://gre/modules/addons/XPIProvider.jsm:1554 < getInstallState()@resource://gre/modules/addons/XPIProvider.jsm:1589 < checkForChanges()@resource://gre/modules/addons/XPIProvider.jsm:3109 < startup()@resource://gre/modules/addons/XPIProvider.jsm:2188 < callProvider()@resource://gre/modules/AddonManager.jsm:269 < _startProvider()@resource://gre/modules/AddonManager.jsm:739 < startup()@resource://gre/modules/AddonManager.jsm:906 < startup()@resource://gre/modules/AddonManager.jsm:3090 < observe()@jar:file:///Applications/Firefox.app/Contents/Resources/omni.ja!/components/addonManager.js:65
1520976359051	Marionette	INFO	Enabled via --marionette
2018-03-13 16:26:00.427 plugin-container[41845:2671959] *** CFMessagePort: bootstrap_register(): failed 1100 (0x44c) 'Permission denied', port = 0x8137, name = 'com.apple.tsm.portname'
See /usr/include/servers/bootstrap_defs.h for the error codes.
1520976361150	Marionette	INFO	Listening on port 65341
1520976361255	Marionette	WARN	TLS certificate errors will be ignored for this session
1520976361310	Marionette	DEBUG	Register listener.js for window 2147483649
1520976361346	Marionette	DEBUG	Received DOM event "beforeunload" for "about:blank"
1520976361423	Marionette	DEBUG	Received DOM event "pagehide" for "about:blank"
1520976361423	Marionette	DEBUG	Received DOM event "unload" for "about:blank"
1520976361432	Marionette	DEBUG	Received DOM event "DOMContentLoaded" for "http://localhost:65329/"
1520976361600	Marionette	DEBUG	Received DOM event "pageshow" for "http://localhost:65329/"
1520976361888	Marionette	DEBUG	Received DOM event "beforeunload" for "http://localhost:65329/"
1520976361942	Marionette	DEBUG	Received DOM event "pagehide" for "http://localhost:65329/"
1520976361942	Marionette	DEBUG	Received DOM event "unload" for "http://localhost:65329/"
1520976361947	Marionette	DEBUG	Received DOM event "DOMContentLoaded" for "http://localhost:65329/"
1520976361976	Marionette	DEBUG	Received DOM event "pageshow" for "http://localhost:65329/"
1520976362044	Marionette	INFO	New connections will no longer be accepted
1520976362153	addons.productaddons	WARN	Failed downloading via XHR, status: 0, reason: error
1520976362155	addons.productaddons	WARN	Failed downloading via XHR, status: 0, reason: error
*** UTM:SVC TimerManager:registerTimer called after profile-before-change notification. Ignoring timer registration for id: telemetry_modules_ping
1520976362756	geckodriver::marionette	ERROR	Failed to stop browser process
1520976362996	geckodriver	INFO	geckodriver 0.20.0
1520976363099	geckodriver	INFO	Listening on 127.0.0.1:65441
1520976364019	mozrunner::runner	INFO	Running command: "/Applications/Firefox.app/Contents/MacOS/firefox-bin" "-marionette" "-profile" "/var/folders/41/ctn05_v97f3667c3rp3vb3fh0000gn/T/rust_mozprofile.ZiG3SvDgmws1"
1520976364331	addons.xpi	WARN	Error parsing extensions state: [Exception... "Component returned failure code: 0x80520012 (NS_ERROR_FILE_NOT_FOUND) [amIAddonManagerStartup.readStartupData]"  nsresult: "0x80520012 (NS_ERROR_FILE_NOT_FOUND)"  location: "JS frame :: resource://gre/modules/addons/XPIProvider.jsm :: loadExtensionState :: line 1554"  data: no] Stack trace: loadExtensionState()@resource://gre/modules/addons/XPIProvider.jsm:1554 < getInstallState()@resource://gre/modules/addons/XPIProvider.jsm:1589 < checkForChanges()@resource://gre/modules/addons/XPIProvider.jsm:3109 < startup()@resource://gre/modules/addons/XPIProvider.jsm:2188 < callProvider()@resource://gre/modules/AddonManager.jsm:269 < _startProvider()@resource://gre/modules/AddonManager.jsm:739 < startup()@resource://gre/modules/AddonManager.jsm:906 < startup()@resource://gre/modules/AddonManager.jsm:3090 < observe()@jar:file:///Applications/Firefox.app/Contents/Resources/omni.ja!/components/addonManager.js:65
1520976364793	Marionette	INFO	Enabled via --marionette
2018-03-13 16:26:06.001 plugin-container[41848:2672139] *** CFMessagePort: bootstrap_register(): failed 1100 (0x44c) 'Permission denied', port = 0x7c37, name = 'com.apple.tsm.portname'
See /usr/include/servers/bootstrap_defs.h for the error codes.
1520976366497	Marionette	INFO	Listening on port 65452
1520976366564	Marionette	WARN	TLS certificate errors will be ignored for this session
1520976366623	Marionette	DEBUG	Register listener.js for window 2147483649
1520976366661	Marionette	DEBUG	Received DOM event "beforeunload" for "about:blank"
1520976366693	Marionette	DEBUG	Received DOM event "pagehide" for "about:blank"
1520976366694	Marionette	DEBUG	Received DOM event "unload" for "about:blank"
1520976366702	Marionette	DEBUG	Received DOM event "DOMContentLoaded" for "http://localhost:65440/"
1520976366841	Marionette	DEBUG	Received DOM event "pageshow" for "http://localhost:65440/"
1520976366944	Marionette	INFO	New connections will no longer be accepted
1520976367081	addons.productaddons	WARN	Failed downloading via XHR, status: 0, reason: error
1520976367088	addons.productaddons	WARN	Failed downloading via XHR, status: 0, reason: error
*** UTM:SVC TimerManager:registerTimer called after profile-before-change notification. Ignoring timer registration for id: telemetry_modules_ping
1520976367600	geckodriver::marionette	ERROR	Failed to stop browser process
